This is TeX, Version 3.1415926 (TeX Live 2011/Fink) (format=tex 2012.4.18)  6 JAN 2014 16:37
**/usr/homes/chet/src/bash/src/lib/readline/doc/rlman.texi
(/usr/homes/chet/src/bash/src/lib/readline/doc/rlman.texi (./texinfo.tex
Loading texinfo [version 2013-09-11.11]:
\bindingoffset=\dimen16
\normaloffset=\dimen17
\pagewidth=\dimen18
\pageheight=\dimen19
\outerhsize=\dimen20
\outervsize=\dimen21
\cornerlong=\dimen22
\cornerthick=\dimen23
\topandbottommargin=\dimen24
\headlinebox=\box16
\footlinebox=\box17
\margin=\insert252
\EMsimple=\toks12
\groupbox=\box18
\groupinvalidhelp=\toks13
\mil=\dimen25
\exdentamount=\skip18
\inmarginspacing=\skip19
\centerpenalty=\count26
 pdf,
\tempnum=\count27
\lnkcount=\count28
\filename=\toks14
\filenamelength=\count29
\pgn=\count30
\toksA=\toks15
\toksB=\toks16
\toksC=\toks17
\toksD=\toks18
\boxA=\box19
\countA=\count31
\nopdfimagehelp=\toks19
 fonts,
\sffam=\fam8
\textleading=\dimen26
 markup,
\fontdepth=\count32
 glyphs,
\errorbox=\box20

page headings,
\titlepagetopglue=\skip20
\titlepagebottomglue=\skip21
\evenheadline=\toks20
\oddheadline=\toks21
\evenfootline=\toks22
\oddfootline=\toks23
 tables,
\tableindent=\dimen27
\itemindent=\dimen28
\itemmargin=\dimen29
\itemmax=\dimen30
\itemno=\count33
\multitableparskip=\skip22
\multitableparindent=\skip23
\multitablecolspace=\dimen31
\multitablelinespace=\skip24
\colcount=\count34
\everytab=\toks24
 conditionals,
\doignorecount=\count35
 indexing,
\whatsitskip=\skip25
\whatsitpenalty=\count36
\secondaryindent=\skip26
\partialpage=\box21
\doublecolumnhsize=\dimen32
 sectioning,
\unnumberedno=\count37
\chapno=\count38
\secno=\count39
\subsecno=\count40
\subsubsecno=\count41
\appendixno=\count42
\absseclevel=\count43
\secbase=\count44
\chapheadingskip=\skip27
\secheadingskip=\skip28
\subsecheadingskip=\skip29
 toc,
\tocfile=\write0
\contentsrightmargin=\skip30
\savepageno=\count45
\lastnegativepageno=\count46
\tocindent=\dimen33
 environments,
\lispnarrowing=\skip31
\envskipamount=\skip32
\circthick=\dimen34
\cartouter=\dimen35
\cartinner=\dimen36
\normbskip=\skip33
\normpskip=\skip34
\normlskip=\skip35
\lskip=\skip36
\rskip=\skip37
\nonfillparindent=\dimen37
\tabw=\dimen38
\verbbox=\box22

defuns,
\defbodyindent=\skip38
\defargsindent=\skip39
\deflastargmargin=\skip40
\defunpenalty=\count47
\parencount=\count48
\brackcount=\count49
 macros,
\macscribble=\write1
\paramno=\count50
\macname=\toks25
 cross references,
\auxfile=\write2
\savesfregister=\count51
\toprefbox=\box23
\printedrefnamebox=\box24
\infofilenamebox=\box25
\printedmanualbox=\box26
 insertions,
\footnoteno=\count52
\SAVEfootins=\box27
\SAVEmargin=\box28

(/sw/share/texmf-dist/tex/generic/epsf/epsf.tex
This is `epsf.tex' v2.7.4 <14 February 2011>
\epsffilein=\read0
\epsfframemargin=\dimen39
\epsfframethickness=\dimen40
\epsfrsize=\dimen41
\epsftmp=\dimen42
\epsftsize=\dimen43
\epsfxsize=\dimen44
\epsfysize=\dimen45
\pspoints=\dimen46
)
\noepsfhelp=\toks26
 localization,
\nolanghelp=\toks27
\countUTFx=\count53
\countUTFy=\count54
\countUTFz=\count55
 formatting,
\defaultparindent=\dimen47
 and turning on texinfo input format.) (./rlman.aux)
\openout2 = `rlman.aux'.

@cpindfile=@write3
@fnindfile=@write4
@vrindfile=@write5
@tpindfile=@write6
@kyindfile=@write7
@pgindfile=@write8
texinfo.tex: doing @include of version.texi

(./version.texi) [1
\openout3 = `rlman.cp'.

\openout4 = `rlman.fn'.

\openout5 = `rlman.vr'.

\openout6 = `rlman.tp'.

\openout7 = `rlman.ky'.

\openout8 = `rlman.pg'.

]
\openout1 = `rlman.tmp'.

 (./rlman.tmp) [2] (./rlman.toc [-1]) [-2]
texinfo.tex: doing @include of rluser.texi

 (./rluser.texi
@btindfile=@write9

Chapter 1
\openout0 = `rlman.toc'.

 [1
\openout9 = `rlman.bt'.

] [2] [3] [4] [5] [6] [7] [8]
Underfull \hbox (badness 7540) in paragraph at lines 734--740
 []@textrm In the above ex-am-ple, @textttsl C-u[] @textrm is bound to the func
-tion

@hbox(7.60416+2.12917)x433.62, glue set 4.22592
.@glue(@leftskip) 115.63242
.@hbox(0.0+0.0)x0.0
.@textrm I
.@textrm n
.@glue 3.65 plus 1.825 minus 1.21666
.etc.


Underfull \hbox (badness 10000) in paragraph at lines 734--740
 @texttt universal-argument[]@textrm , @textttsl M-DEL[] @textrm is bound to th
e func-tion

@hbox(7.60416+2.43333)x433.62, glue set 5.18782
.@glue(@leftskip) 115.63242
.@texttt u
.@texttt n
.@texttt i
.@texttt v
.etc.

[9] [10] [11]
Overfull \hbox (26.43913pt too wide) in paragraph at lines 929--929
 []@texttt Meta-Control-h: backward-kill-word Text after the function name is i
gnored[] |

@hbox(6.69167+2.43333)x433.62
.@glue(@leftskip) 28.90755
.@hbox(0.0+0.0)x0.0
.@texttt M
.@texttt e
.@texttt t
.etc.

[12] [13] [14] [15] [16] [17] [18] [19] [20])
texinfo.tex: doing @include of rltech.texi

 (./rltech.texi Chapter 2 [21]
[22] [23] [24] [25] [26] [27] [28] [29] [30] [31] [32] [33] [34] [35] [36]
[37] [38] [39] [40] [41]
Overfull \hbox (14.94176pt too wide) in paragraph at lines 1435--1435
 []      @texttt /* This function needs to be called to reset the terminal sett
ings,[] |

@hbox(7.60416+2.43333)x433.62
.@glue(@leftskip) 28.90755
.@hbox(0.0+0.0)x0.0
.@penalty 10000
.@glue 5.74869
.@penalty 10000
.etc.


Overfull \hbox (14.94176pt too wide) in paragraph at lines 1436--1436
 []         @texttt and calling it from the line handler keeps one extra prompt
 from[] |

@hbox(6.69167+2.43333)x433.62
.@glue(@leftskip) 28.90755
.@hbox(0.0+0.0)x0.0
.@penalty 10000
.@glue 5.74869
.@penalty 10000
.etc.

[42] [43] [44] [45] [46] [47] [48] [49] [50] [51]
Underfull \hbox (badness 7379) in paragraph at lines 2070--2075
 []@textrm If an application-specific com-ple-tion func-tion as-signed to @text
tt rl_attempted_

@hbox(7.60416+2.43333)x433.62, glue set 4.19675
.@glue(@leftskip) 28.90755
.@hbox(0.0+0.0)x0.0
.@textrm I
.@textrm f
.@glue 3.65 plus 1.825 minus 1.21666
.etc.

[52] [53] [54] [55] [56] [57] [58] [59]) Appendix A [60]
texinfo.tex: doing @include of fdl.texi

 (./fdl.texi [61]
[62] [63] [64] [65] [66] [67]) (Concept Index) [68] (./rlman.cps)
(Function and Variable Index) [69] (./rlman.fns [70] [71] [72]) [73] ) 
Here is how much of TeX's memory you used:
 1982 strings out of 497974
 24803 string characters out of 3220833
 99910 words of memory out of 3000000
 2809 multiletter control sequences out of 15000+200000
 32127 words of font info for 112 fonts, out of 3000000 for 9000
 51 hyphenation exceptions out of 8191
 16i,6n,14p,327b,624s stack positions out of 5000i,500n,10000p,200000b,50000s

Output written on rlman.dvi (77 pages, 313452 bytes).
