This is pdfTeX, Version 3.14159265-2.6-1.40.15 (TeX Live 2014/MacPorts 2014_9) (preloaded format=etex 2014.11.4)  1 JUL 2015 10:33
entering extended mode
 restricted \write18 enabled.
 file:line:error style messages enabled.
 %&-line parsing enabled.
**\input ././rluserman.texi
(././rluserman.texi (./texinfo.tex Loading texinfo [version 2013-09-11.11]:
\bindingoffset=\dimen16
\normaloffset=\dimen17
\pagewidth=\dimen18
\pageheight=\dimen19
\outerhsize=\dimen20
\outervsize=\dimen21
\cornerlong=\dimen22
\cornerthick=\dimen23
\topandbottommargin=\dimen24
\headlinebox=\box16
\footlinebox=\box17
\margin=\insert252
\EMsimple=\toks13
\groupbox=\box18
\groupinvalidhelp=\toks14
\mil=\dimen25
\exdentamount=\skip18
\inmarginspacing=\skip19
\centerpenalty=\count27

pdf,
\tempnum=\count28
\lnkcount=\count29
\filename=\toks15
\filenamelength=\count30
\pgn=\count31
\toksA=\toks16
\toksB=\toks17
\toksC=\toks18
\toksD=\toks19
\boxA=\box19
\countA=\count32
\nopdfimagehelp=\toks20
 fonts,
\sffam=\fam8
\textleading=\dimen26
 markup,
\fontdepth=\count33
 glyphs,
\errorbox=\box20
 page headings,
\titlepagetopglue=\skip20
\titlepagebottomglue=\skip21
\evenheadline=\toks21
\oddheadline=\toks22
\evenfootline=\toks23
\oddfootline=\toks24
 tables,
\tableindent=\dimen27
\itemindent=\dimen28
\itemmargin=\dimen29
\itemmax=\dimen30
\itemno=\count34
\multitableparskip=\skip22
\multitableparindent=\skip23
\multitablecolspace=\dimen31
\multitablelinespace=\skip24
\colcount=\count35
\everytab=\toks25
 conditionals,
\doignorecount=\count36
 indexing,
\whatsitskip=\skip25
\whatsitpenalty=\count37
\secondaryindent=\skip26
\partialpage=\box21
\doublecolumnhsize=\dimen32

sectioning,
\unnumberedno=\count38
\chapno=\count39
\secno=\count40
\subsecno=\count41
\subsubsecno=\count42
\appendixno=\count43
\absseclevel=\count44
\secbase=\count45
\chapheadingskip=\skip27
\secheadingskip=\skip28
\subsecheadingskip=\skip29
 toc,
\tocfile=\write0
\contentsrightmargin=\skip30
\savepageno=\count46
\lastnegativepageno=\count47
\tocindent=\dimen33
 environments,
\lispnarrowing=\skip31
\envskipamount=\skip32
\circthick=\dimen34
\cartouter=\dimen35
\cartinner=\dimen36
\normbskip=\skip33
\normpskip=\skip34
\normlskip=\skip35
\lskip=\skip36
\rskip=\skip37
\nonfillparindent=\dimen37
\tabw=\dimen38
\verbbox=\box22
 defuns,
\defbodyindent=\skip38
\defargsindent=\skip39
\deflastargmargin=\skip40
\defunpenalty=\count48
\parencount=\count49
\brackcount=\count50
 macros,
\paramno=\count51
\macname=\toks26
 cross references,
\auxfile=\write1
\savesfregister=\count52
\toprefbox=\box23
\printedrefnamebox=\box24
\infofilenamebox=\box25
\printedmanualbox=\box26
 insertions,
\footnoteno=\count53
\SAVEfootins=\box27
\SAVEmargin=\box28

(/opt/local/share/texmf/tex/generic/epsf/epsf.tex
This is `epsf.tex' v2.7.4 <14 February 2011>
\epsffilein=\read1
\epsfframemargin=\dimen39
\epsfframethickness=\dimen40
\epsfrsize=\dimen41
\epsftmp=\dimen42
\epsftsize=\dimen43
\epsfxsize=\dimen44
\epsfysize=\dimen45
\pspoints=\dimen46
)
\noepsfhelp=\toks27
 localization,
\nolanghelp=\toks28
\countUTFx=\count54
\countUTFy=\count55
\countUTFz=\count56
 formatting,
\defaultparindent=\dimen47
 and turning on texinfo input format.)
(./rluserman.aux)
\openout1 = `rluserman.aux'.

@cpindfile=@write2
@fnindfile=@write3
@vrindfile=@write4
@tpindfile=@write5
@kyindfile=@write6
@pgindfile=@write7
texinfo.tex: doing @include of version.texi

 (./version.texi) [1
\openout2 = `rluserman.cp'.

\openout3 = `rluserman.fn'.

\openout4 = `rluserman.vr'.

\openout5 = `rluserman.tp'.

\openout6 = `rluserman.ky'.

\openout7 = `rluserman.pg'.

] [2] (./rluserman.toc) [-1]
texinfo.tex: doing @include of rluser.texi


(./rluser.texi
@btindfile=@write8
 Chapter 1
\openout0 = `rluserman.toc'.

 [1
\openout8 = `rluserman.bt'.

] [2] [3] [4] [5] [6] [7] [8] [9]
Underfull \hbox (badness 7540) in paragraph at lines 794--800
 []@textrm In the above ex-am-ple, @textttsl C-u[] @textrm is bound to the func
-tion

@hbox(7.60416+2.12917)x433.62, glue set 4.22592
.@glue(@leftskip) 115.63242
.@hbox(0.0+0.0)x0.0
.@textrm I
.@textrm n
.@glue 3.65 plus 1.825 minus 1.21666
.etc.


Underfull \hbox (badness 10000) in paragraph at lines 794--800
 @texttt universal-argument[]@textrm , @textttsl M-DEL[] @textrm is bound to th
e func-tion

@hbox(7.60416+2.43333)x433.62, glue set 5.18782
.@glue(@leftskip) 115.63242
.@texttt u
.@texttt n
.@texttt i
.@texttt v
.etc.

[10] [11] [12]
Overfull \hbox (26.43913pt too wide) in paragraph at lines 989--989
 []@texttt Meta-Control-h: backward-kill-word Text after the function name is i
gnored[] |

@hbox(6.69167+2.43333)x433.62
.@glue(@leftskip) 28.90755
.@hbox(0.0+0.0)x0.0
.@texttt M
.@texttt e
.@texttt t
.etc.

[13] [14] [15] [16] [17] [18] [19] [20] [21]) Appendix A [22]
texinfo.tex: doing @include of fdl.texi

 (./fdl.texi
[23] [24] [25] [26] [27] [28] [29]) [30] ) 
Here is how much of TeX's memory you used:
 1866 strings out of 497120
 22264 string characters out of 6207257
 98440 words of memory out of 5000000
 3036 multiletter control sequences out of 15000+600000
 32127 words of font info for 112 fonts, out of 8000000 for 9000
 51 hyphenation exceptions out of 8191
 16i,6n,16p,296b,602s stack positions out of 5000i,500n,10000p,200000b,80000s

Output written on rluserman.dvi (33 pages, 109128 bytes).
