This is pdfTeX, Version 3.14159265-2.6-1.40.18 (TeX Live 2017/MacPorts 2017_2) (preloaded format=etex 2017.7.5)  2 JAN 2018 10:55
entering extended mode
 restricted \write18 enabled.
 file:line:error style messages enabled.
 %&-line parsing enabled.
**\catcode126=12 \def\normaltilde{~}\catcode126=13 \let~\normaltilde  \input ./
./history.texi
(././history.texi (./texinfo.tex Loading texinfo [version 2015-11-22.14]:
\outerhsize=\dimen16
\outervsize=\dimen17
\cornerlong=\dimen18
\cornerthick=\dimen19
\topandbottommargin=\dimen20
\bindingoffset=\dimen21
\normaloffset=\dimen22
\pagewidth=\dimen23
\pageheight=\dimen24
\headlinebox=\box16
\footlinebox=\box17
\margin=\insert252
\EMsimple=\toks13
\groupbox=\box18
\groupinvalidhelp=\toks14
\mil=\dimen25
\exdentamount=\skip18
\inmarginspacing=\skip19
\centerpenalty=\count27
 pdf,
\tempnum=\count28
\lnkcount=\count29
\filename=\toks15
\filenamelength=\count30
\pgn=\count31
\toksA=\toks16
\toksB=\toks17
\toksC=\toks18
\toksD=\toks19
\boxA=\box19
\boxB=\box20
\countA=\count32
\nopdfimagehelp=\toks20

fonts,
\sffam=\fam8
\textleading=\dimen26
 markup,
\fontdepth=\count33
 glyphs,
\errorbox=\box21
 page headings,
\titlepagetopglue=\skip20
\titlepagebottomglue=\skip21
\evenheadline=\toks21
\oddheadline=\toks22
\evenfootline=\toks23
\oddfootline=\toks24
 tables,
\tableindent=\dimen27
\itemindent=\dimen28
\itemmargin=\dimen29
\itemmax=\dimen30
\itemno=\count34
\multitableparskip=\skip22
\multitableparindent=\skip23
\multitablecolspace=\dimen31
\multitablelinespace=\skip24
\colcount=\count35
\everytab=\toks25
 conditionals,
\doignorecount=\count36
 indexing,
\dummybox=\box22
\whatsitskip=\skip25
\whatsitpenalty=\count37
\entryrightmargin=\dimen32
\thinshrinkable=\skip26
\entryindexbox=\box23
\secondaryindent=\skip27
\partialpage=\box24
\doublecolumnhsize=\dimen33
\doublecolumntopgap=\dimen34
\savedtopmark=\toks26
\savedfirstmark=\toks27

sectioning,
\unnumberedno=\count38
\chapno=\count39
\secno=\count40
\subsecno=\count41
\subsubsecno=\count42
\appendixno=\count43
\absseclevel=\count44
\secbase=\count45
\chapheadingskip=\skip28
\secheadingskip=\skip29
\subsecheadingskip=\skip30
 toc,
\tocfile=\write0
\contentsrightmargin=\skip31
\savepageno=\count46
\lastnegativepageno=\count47
\tocindent=\dimen35
 environments,
\lispnarrowing=\skip32
\envskipamount=\skip33
\circthick=\dimen36
\cartouter=\dimen37
\cartinner=\dimen38
\normbskip=\skip34
\normpskip=\skip35
\normlskip=\skip36
\lskip=\skip37
\rskip=\skip38
\nonfillparindent=\dimen39
\tabw=\dimen40
\verbbox=\box25
 defuns,
\defbodyindent=\skip39
\defargsindent=\skip40
\deflastargmargin=\skip41
\defunpenalty=\count48
\parencount=\count49
\brackcount=\count50
 macros,
\paramno=\count51
\macname=\toks28
 cross references,
\auxfile=\write1
\savesfregister=\count52
\toprefbox=\box26
\printedrefnamebox=\box27
\infofilenamebox=\box28
\printedmanualbox=\box29
 insertions,
\footnoteno=\count53
\SAVEfootins=\box30
\SAVEmargin=\box31

(/opt/local/share/texmf/tex/generic/epsf/epsf.tex
This is `epsf.tex' v2.7.4 <14 February 2011>
\epsffilein=\read1
\epsfframemargin=\dimen41
\epsfframethickness=\dimen42
\epsfrsize=\dimen43
\epsftmp=\dimen44
\epsftsize=\dimen45
\epsfxsize=\dimen46
\epsfysize=\dimen47
\pspoints=\dimen48
)
\noepsfhelp=\toks29
 localization,
\nolanghelp=\toks30
\countUTFx=\count54
\countUTFy=\count55
\countUTFz=\count56
 formatting,
\defaultparindent=\dimen49
 and turning on texinfo input format.)
texinfo.tex: doing @include of version.texi


(./version.texi) [1] [2] (./history.toc) [-1]
texinfo.tex: doing @include of hsuser.texi

 (./hsuser.texi Chapter 1
\openout0 = `history.toc'.


(./history.aux)
\openout1 = `history.aux'.

@cpindfile=@write2
\openout2 = `history.cp'.

 [1
@numchapentry{Using History Interactively}{1}{Using History Interactively}{1}
@numsecentry{History Expansion}{1.1}{History Interaction}{1}
@numsubsecentry{Event Designators}{1.1.1}{Event Designators}{1}
] [2
@numsubsecentry{Word Designators}{1.1.2}{Word Designators}{2}
@numsubsecentry{Modifiers}{1.1.3}{Modifiers}{2}
])
texinfo.tex: doing @include of hstech.texi

 (./hstech.texi Chapter 2 [3] [4
@numchapentry{Programming with GNU History}{2}{Programming with GNU History}{4}

@numsecentry{Introduction to History}{2.1}{Introduction to History}{4}
@numsecentry{History Storage}{2.2}{History Storage}{4}
]
@fnindfile=@write3
\openout3 = `history.fn'.

 [5
@numsecentry{History Functions}{2.3}{History Functions}{5}
@numsubsecentry{Initializing History and State Management}{2.3.1}{Initializing 
History and State Management}{5}
@numsubsecentry{History List Management}{2.3.2}{History List Management}{5}
] [6
@numsubsecentry{Information About the History List}{2.3.3}{Information About th
e History List}{6}
] [7
@numsubsecentry{Moving Around the History List}{2.3.4}{Moving Around the Histor
y List}{7}
@numsubsecentry{Searching the History List}{2.3.5}{Searching the History List}{
7}
@numsubsecentry{Managing the History File}{2.3.6}{Managing the History File}{7}

] [8
@numsubsecentry{History Expansion}{2.3.7}{History Expansion}{8}
]
@vrindfile=@write4
\openout4 = `history.vr'.

 [9
@numsecentry{History Variables}{2.4}{History Variables}{9}
] [10
@numsecentry{History Programming Example}{2.5}{History Programming Example}{10}

]) Appendix A [11]
texinfo.tex: doing @include of fdl.texi

 (./fdl.texi [12
@appentry{GNU Free Documentation License}{A}{GNU Free Documentation License}{12
}
] [13] [14] [15] [16] [17] [18]) Appendix B [19] Appendix C [20
@appentry{Concept Index}{B}{Concept Index}{20}
] [21
@appentry{Function and Variable Index}{C}{Function and Variable Index}{21}
] ) 
Here is how much of TeX's memory you used:
 3182 strings out of 497114
 31680 string characters out of 6207173
 79568 words of memory out of 5000000
 4354 multiletter control sequences out of 15000+600000
 32778 words of font info for 114 fonts, out of 8000000 for 9000
 51 hyphenation exceptions out of 8191
 19i,6n,17p,362b,772s stack positions out of 5000i,500n,10000p,200000b,80000s

Output written on history.dvi (24 pages, 69556 bytes).
