This is TeX, Version 3.141592 (Web2C 7.5.4) (format=tex 2008.4.8)  24 JUL 2008 09:12
**/usr/homes/chet/src/bash/src/doc/bashref.texi
(/usr/homes/chet/src/bash/src/doc/bashref.texi (./texinfo.tex
Loading texinfo [version 2003-02-03.16]: Basics,
\bindingoffset=\dimen16
\normaloffset=\dimen17
\pagewidth=\dimen18
\pageheight=\dimen19
\outerhsize=\dimen20
\outervsize=\dimen21
\cornerlong=\dimen22
\cornerthick=\dimen23
\topandbottommargin=\dimen24
\headlinebox=\box16
\footlinebox=\box17
\margin=\insert252
\EMsimple=\toks12
\groupbox=\box18
\groupinvalidhelp=\toks13
\mil=\dimen25
\exdentamount=\skip18
\inmarginspacing=\skip19
 pdf,
\tempnum=\count26
\lnkcount=\count27
\filename=\toks14
\filenamelength=\count28
\pgn=\count29
\toksA=\toks15
\toksB=\toks16
\toksC=\toks17
\toksD=\toks18
\boxA=\box19
\countA=\count30
 fonts,
\sffam=\fam8
\textleading=\dimen26
\mainmagstep=\count31
\fontdepth=\count32
 page headings,
\titlepagetopglue=\skip20
\titlepagebottomglue=\skip21
\evenheadline=\toks19
\oddheadline=\toks20
\evenfootline=\toks21
\oddfootline=\toks22

tables,
\tableindent=\dimen27
\itemindent=\dimen28
\itemmargin=\dimen29
\itemmax=\dimen30
\itemno=\count33
\multitableparskip=\skip22
\multitableparindent=\skip23
\multitablecolspace=\dimen31
\multitablelinespace=\skip24
\colcount=\count34
\savedfootnotes=\box20
 conditionals, indexing,
\secondaryindent=\skip25
\partialpage=\box21
\doublecolumnhsize=\dimen32
 sectioning,
\chapno=\count35
\secno=\count36
\subsecno=\count37
\subsubsecno=\count38
\appendixno=\count39
\absseclevel=\count40
\secbase=\count41
\chapheadingskip=\skip26
\secheadingskip=\skip27
\subsecheadingskip=\skip28
 toc,
\tocfile=\write0
\contentsrightmargin=\skip29
\savepageno=\count42
\lastnegativepageno=\count43
\shortappendixwidth=\dimen33
\tocindent=\dimen34
 environments,
\errorbox=\box22
\lispnarrowing=\skip30
\envskipamount=\skip31
\circthick=\dimen35
\cartouter=\dimen36
\cartinner=\dimen37
\normbskip=\skip32
\normpskip=\skip33
\normlskip=\skip34
\lskip=\skip35
\rskip=\skip36
\tabw=\dimen38
 defuns,
\defbodyindent=\skip37
\defargsindent=\skip38
\deflastargmargin=\skip39
\parencount=\count44
 macros,
\macscribble=\write1
\paramno=\count45
\macname=\toks23

cross references,
\auxfile=\write2
\savesfregister=\count46
\footnoteno=\count47
 (/sw/share/texmf-dist/tex/generic/epsf/epsf.tex
\epsffilein=\read0
\epsfframemargin=\dimen39
\epsfframethickness=\dimen40
\epsfrsize=\dimen41
\epsftmp=\dimen42
\epsftsize=\dimen43
\epsfxsize=\dimen44
\epsfysize=\dimen45
\pspoints=\dimen46
\epsfnoopenhelp=\toks24
)
\noepsfhelp=\toks25

localization,
\nolanghelp=\toks26
\defaultparindent=\dimen47
 and turning on texinfo input format.) (./bashref.aux)
@cpindfile=@write3
@fnindfile=@write4
@vrindfile=@write5
@tpindfile=@write6
@kyindfile=@write7
@pgindfile=@write8

(./version.texi)
@btindfile=@write9
@rwindfile=@write10
 [1
\openout2 = `bashref.aux'.

\openout3 = `bashref.cp'.

\openout4 = `bashref.fn'.

\openout5 = `bashref.vr'.

\openout6 = `bashref.tp'.

\openout7 = `bashref.ky'.

\openout8 = `bashref.pg'.

\openout9 = `bashref.bt'.

\openout10 = `bashref.rw'.

] [2] (./bashref.toc [-1] [-2] [-3]) [-4] Chapter 1
\openout0 = `bashref.toc'.

 [1]
Chapter 2 [2] [3] Chapter 3 [4] [5] [6] [7] [8] [9] [10]
Overfull \hbox (43.33539pt too wide) in paragraph at lines 851--851
 []@texttt case @textttsl word @texttt in [ [(] @textttsl pat-tern @texttt [| @
textttsl pat-tern@texttt ][]) @textttsl command-list @texttt ;;][] esac[][] 

@hbox(7.60416+2.43333)x433.62
.@glue(@leftskip) 86.72375
.@hbox(0.0+0.0)x0.0
.@texttt c
.@texttt a
.@texttt s
.etc.

[11] [12] [13] [14] [15] [16] [17] [18] [19] [20] [21] [22] [23] [24] [25]
[26] [27] [28] [29] [30] [31] [32] [33] Chapter 4 [34] [35] [36] [37] [38]
[39] [40] [41]
Underfull \hbox (badness 5231) in paragraph at lines 3264--3277
 @texttt emacs-meta[]@textrm , @texttt emacs-ctlx[]@textrm , @texttt vi[]@textr
m , @texttt vi-move[]@textrm , @texttt vi-command[]@textrm , and

@hbox(7.60416+2.12917)x433.62, glue set 3.7426
.@glue(@leftskip) 115.63242
.@texttt e
.@texttt m
.@texttt a
.@texttt c
.etc.

[42] [43] [44] [45] [46]
Overfull \hbox (102.08961pt too wide) in paragraph at lines 3685--3685
 []@texttt read [-ers] [-a @textttsl aname@texttt ] [-d @textttsl de-lim@texttt
 ] [-i @textttsl text@texttt ] [-n @textttsl nchars@texttt ] [-p @textttsl prom
pt@texttt ] [-t @textttsl time-

@hbox(7.60416+2.43333)x433.62
.@glue(@leftskip) 86.72375
.@hbox(0.0+0.0)x0.0
.@texttt r
.@texttt e
.@texttt a
.etc.

[47] [48] [49] [50] [51] [52] [53] [54] [55]
Underfull \hbox (badness 2573) in paragraph at lines 4337--4341
 [] []@textrm Error trac-ing is en-abled: com-mand sub-sti-tu-tion, shell

@hbox(7.60416+2.12917)x433.62, glue set 2.95305
.@glue(@leftskip) 137.31363
.@hbox(0.0+0.0)x0.0
.@glue 0.0
.@hbox(7.05666+0.0)x0.0, glue set - 15.74411fil
..@glue 0.0 plus 1.0fil minus 1.0fil
..@textrm 6
..@textrm .
..@glue 7.22743
.@textrm E
.etc.

[56] [57] Chapter 5 [58] [59] [60] [61] [62] [63] [64] [65] [66] Chapter 6
[67] [68]
Overfull \hbox (51.96864pt too wide) in paragraph at lines 5180--5180
 []@texttt bash [long-opt] [-ir] [-abefhkmnptuvxdBCDHP] [-o @textttsl op-tion@t
exttt ] [-O @textttsl shopt_option@texttt ] [@textttsl ar-

@hbox(7.60416+2.43333)x433.62
.@glue(@leftskip) 28.90755
.@hbox(0.0+0.0)x0.0
.@texttt b
.@texttt a
.@texttt s
.etc.


Overfull \hbox (76.23077pt too wide) in paragraph at lines 5181--5181
 []@texttt bash [long-opt] [-abefhkmnptuvxdBCDHP] [-o @textttsl op-tion@texttt 
] [-O @textttsl shopt_option@texttt ] -c @textttsl string @texttt [@textttsl ar
-

@hbox(7.60416+2.43333)x433.62
.@glue(@leftskip) 28.90755
.@hbox(0.0+0.0)x0.0
.@texttt b
.@texttt a
.@texttt s
.etc.


Overfull \hbox (34.72258pt too wide) in paragraph at lines 5182--5182
 []@texttt bash [long-opt] -s [-abefhkmnptuvxdBCDHP] [-o @textttsl op-tion@text
tt ] [-O @textttsl shopt_option@texttt ] [@textttsl ar-

@hbox(7.60416+2.43333)x433.62
.@glue(@leftskip) 28.90755
.@hbox(0.0+0.0)x0.0
.@texttt b
.@texttt a
.@texttt s
.etc.

[69] [70]
Underfull \hbox (badness 2245) in paragraph at lines 5356--5358
[]@textrm When a lo-gin shell ex-its, Bash reads and ex-e-cutes com-mands from 
the file

@hbox(7.60416+2.12917)x433.62, glue set 2.82155
.@hbox(0.0+0.0)x15.0
.@textrm W
.@textrm h
.@textrm e
.@textrm n
.etc.

[71] [72] [73] [74] [75] [76] [77] [78] [79] [80] [81] [82] [83] [84]
Underfull \hbox (badness 2521) in paragraph at lines 6493--6496
@textrm `@texttt --enable-strict-posix-default[]@textrm '[] to @texttt configur
e[] @textrm when build-ing (see Sec-tion 10.8

@hbox(8.2125+2.73749)x433.62, glue set 2.9335
.@textrm `
.@texttt -
.@texttt -
.@texttt e
.@texttt n
.etc.

Chapter 7 [85] [86] [87] [88] [89]
(/usr/homes/chet/src/bash/src/lib/readline/doc/rluser.texi Chapter 8 [90]
[91] [92] [93] [94] [95] [96]
Underfull \hbox (badness 5231) in paragraph at lines 514--530
 @texttt emacs-meta[]@textrm , @texttt emacs-ctlx[]@textrm , @texttt vi[]@textr
m , @texttt vi-move[]@textrm , @texttt vi-command[]@textrm , and

@hbox(7.60416+2.12917)x433.62, glue set 3.7426
.@glue(@leftskip) 115.63242
.@texttt e
.@texttt m
.@texttt a
.@texttt c
.etc.

[97] [98] [99] [100] [101]
Overfull \hbox (26.43913pt too wide) in paragraph at lines 836--836
 []@texttt Meta-Control-h: backward-kill-word Text after the function name is i
gnored[] 

@hbox(6.69167+2.43333)x433.62
.@glue(@leftskip) 28.90755
.@hbox(0.0+0.0)x0.0
.@texttt M
.@texttt e
.@texttt t
.etc.

[102] [103] [104] [105] [106] [107] [108] [109] [110] [111] [112] [113]
[114] [115]
Underfull \hbox (badness 2753) in paragraph at lines 1795--1798
 @texttt hostname[]@textrm Hostnames, as taken from the file spec-i-fied by

@hbox(7.60416+2.12917)x433.62, glue set 3.02202
.@glue(@leftskip) 173.44862
.@penalty 10000
.@kern -57.81621
.@texttt h
.@texttt o
.etc.

[116]) (/usr/homes/chet/src/bash/src/lib/readline/doc/hsuser.texi Chapter 9
[117] [118] [119] [120] [121] [122]) Chapter 10 [123] [124] [125] [126]
[127]
Underfull \hbox (badness 2772) in paragraph at lines 7092--7096
 []@textrm Enable sup-port for large files (@texttt http://www.sas.com/standard
s/large_

@hbox(8.2125+2.73749)x433.62, glue set 3.02754
.@glue(@leftskip) 57.81621
.@hbox(0.0+0.0)x0.0
.@textrm E
.@textrm n
.@textrm a
.etc.

[128] [129] [130] Appendix A [131] [132] Appendix B [133] [134] [135] [136]
[137] [138] [139] Appendix C [140] (./fdl.texi [141] [142] [143] [144] [145]
[146]) Appendix D [147] [148] (./bashref.bts [149]) (./bashref.rws)
(./bashref.vrs [150] [151]) (./bashref.fns [152] [153]) (./bashref.cps [154])
[155] [156] ) 
Here is how much of TeX's memory you used:
 1735 strings out of 97980
 23716 string characters out of 1221006
 51916 words of memory out of 1500000
 2586 multiletter control sequences out of 10000+50000
 31953 words of font info for 111 fonts, out of 1200000 for 2000
 19 hyphenation exceptions out of 8191
 15i,8n,11p,273b,474s stack positions out of 5000i,500n,6000p,200000b,5000s

Output written on bashref.dvi (162 pages, 632652 bytes).
